#-----------------------------------------------------------
# Vivado v2025.2 (64-bit)
# SW Build 6299465 on Fri Nov 14 12:34:56 MST 2025
# IP Build 6300035 on Fri Nov 14 10:48:45 MST 2025
# SharedData Build 6298862 on Thu Nov 13 04:50:51 MST 2025
# Start of session at: Wed May 20 12:48:20 2026
# Process ID         : 859268
# Current directory  : /home/quocviet/Project/vlsi_lab/spi/work
# Command line       : vivado -mode batch -source ../tcl/sim.tcl -tclargs spi_tb
# Log file           : /home/quocviet/Project/vlsi_lab/spi/work/vivado.log
# Journal file       : /home/quocviet/Project/vlsi_lab/spi/work/vivado.jou
# Running On         : quocviet-workstation
# Platform           : Ubuntu
# Operating System   : Ubuntu 24.04.4 LTS
# Processor Detail   : 12th Gen Intel(R) Core(TM) i5-12400F
# CPU Frequency      : 800.694 MHz
# CPU Physical cores : 6
# CPU Logical cores  : 12
# Host memory        : 33453 MB
# Swap memory        : 25769 MB
# Total Virtual      : 59223 MB
# Available Virtual  : 52589 MB
#-----------------------------------------------------------
source ../tcl/sim.tcl
# source ../tcl/config.tcl
## set TOP        "spi_top"
## set DEFAULT_TB "spi_top_tb"
## set PART       "xc7z020clg400-1"
## proc find_files {dir ext} {
##     set result {}
##     if {![file isdirectory $dir]} { return $result }
##     foreach item [glob -nocomplain -directory $dir *] {
##         set base [file tail $item]
##         if {[string index $base 0] eq "."} { continue }
##         if {[file isdirectory $item]} {
##             if {$base eq "work"} { continue }
##             lappend result {*}[find_files $item $ext]
##         } elseif {[file extension $item] eq ".$ext"} {
##             lappend result $item
##         }
##     }
##     return [lsort $result]
## }
## proc gather_sv {dir} {
##     set all_sv [find_files $dir sv]
##     set pkgs {}
##     set mods {}
##     foreach f $all_sv {
##         if {[string match "*_pkg.sv" [file tail $f]]} {
##             lappend pkgs $f
##         } else {
##             lappend mods $f
##         }
##     }
##     return [list $pkgs $mods]
## }
## proc load_rtl_sources {rtl_dir} {
##     lassign [gather_sv $rtl_dir] pkgs mods
##     if {[llength $pkgs] == 0 && [llength $mods] == 0} {
##         puts "ERROR: No .sv files found under $rtl_dir"
##         exit 1
##     }
##     if {[llength $pkgs] > 0} {
##         read_verilog -sv $pkgs
##         puts "Loaded [llength $pkgs] package file(s):"
##         foreach p $pkgs { puts "  - $p" }
##     }
##     if {[llength $mods] > 0} {
##         read_verilog -sv $mods
##         puts "Loaded [llength $mods] RTL module file(s):"
##         foreach m $mods { puts "  - $m" }
##     }
## }
## proc resolve_top {default_top} {
##     if {[info exists ::argv] && [llength $::argv] > 0} {
##         set override [lindex $::argv 0]
##         if {[string length $override] > 0} {
##             puts "NOTE: TOP overridden via -tclargs: $override (default was $default_top)"
##             return $override
##         }
##     }
##     return $default_top
## }
NOTE: TOP overridden via -tclargs: spi_tb (default was spi_top_tb)
# set tb_top [resolve_top $DEFAULT_TB]
# puts "========== Gathering sources =========="
========== Gathering sources ==========
# lassign [gather_sv ../rtl] rtl_pkgs rtl_mods
# lassign [gather_sv ../tb]  tb_pkgs  tb_mods
# if {[llength $rtl_pkgs] == 0 && [llength $rtl_mods] == 0} {
#     puts "ERROR: No RTL .sv found under ../rtl/"
#     exit 1
# }
# if {[llength $tb_mods] == 0} {
#     puts "ERROR: No testbench .sv found under ../tb/. Create ../tb/${tb_top}.sv first."
#     exit 1
# }
# set tb_found 0
# foreach f $tb_mods {
#     if {[file rootname [file tail $f]] eq $tb_top} { set tb_found 1; break }
# }
# if {!$tb_found} {
#     puts "WARNING: No file ${tb_top}.sv found explicitly under ../tb/."
#     puts "         xelab will fail unless module '$tb_top' is declared in another file."
# }
# set all_files [concat $rtl_pkgs $rtl_mods $tb_pkgs $tb_mods]
# puts "Compile order ([llength $all_files] files):"
Compile order (3 files):
# foreach f $all_files { puts "  - $f" }
  - ../rtl/spi_master.sv
  - ../rtl/spi_slave.sv
  - ../tb/spi_tb.sv
# puts "========== Compiling (xvlog) =========="
========== Compiling (xvlog) ==========
# exec xvlog -sv -d SIMULATION {*}$all_files >@stdout 2>@stderr
# puts "========== Elaborating (xelab top=$tb_top) =========="
========== Elaborating (xelab top=spi_tb) ==========
# exec xelab -debug typical $tb_top -s ${tb_top}_snap >@stdout 2>@stderr
# puts "========== Simulating =========="
========== Simulating ==========
# if {[string match -nocase "*gui*" $rdi::mode]} {
#     exec xsim ${tb_top}_snap -gui >@stdout 2>@stderr
#     puts "Waveform closed. Exit."
# } else {
#     exec xsim ${tb_top}_snap -R >@stdout 2>@stderr
#     puts "SUCCESS: Simulation completed (tb=$tb_top)."
# }
SUCCESS: Simulation completed (tb=spi_tb).
INFO: [Common 17-206] Exiting Vivado at Wed May 20 12:48:27 2026...
